Using pre-set license
Built from '2020.3/staging' branch; Version is '2020.3.13f1 (71691879b7f5) revision 7432472'; Using compiler version '192528614'; Build Type 'Release'
OS: 'Windows 10 Home; OS build 19042.1110; Version 2009; 64bit' Language: 'en' Physical Memory: 8013 MB
BatchMode: 1, IsHumanControllingUs: 0, StartBugReporterOnCrash: 0, Is64bit: 1, IsPro: 0

 COMMAND LINE ARGUMENTS:
C:\Program Files\Unity\Hub\Editor\2020.3.13f1\Editor\Unity.exe
-adb2
-batchMode
-noUpm
-name
AssetImportWorker2
-projectPath
C:/Users/maath/Documents/GitHub/first-game/SlasherGame
-logFile
Logs/AssetImportWorker2.log
-srvPort
59291
Successfully changed project path to: C:/Users/maath/Documents/GitHub/first-game/SlasherGame
C:/Users/maath/Documents/GitHub/first-game/SlasherGame
Using Asset Import Pipeline V2.
Refreshing native plugins compatible for Editor in 203.07 ms, found 3 plugins.
Preloading 0 native plugins for Editor in 0.00 ms.
Initialize engine version: 2020.3.13f1 (71691879b7f5)
[Subsystems] Discovering subsystems at path C:/Program Files/Unity/Hub/Editor/2020.3.13f1/Editor/Data/Resources/UnitySubsystems
[Subsystems] Discovering subsystems at path C:/Users/maath/Documents/GitHub/first-game/SlasherGame/Assets
GfxDevice: creating device client; threaded=0
Direct3D:
    Version:  Direct3D 11.0 [level 11.1]
    Renderer: Intel(R) UHD Graphics (ID=0x9b41)
    Vendor:   
    VRAM:     4006 MB
    Driver:   26.20.100.6911
Initialize mono
Mono path[0] = 'C:/Program Files/Unity/Hub/Editor/2020.3.13f1/Editor/Data/Managed'
Mono path[1] = 'C:/Program Files/Unity/Hub/Editor/2020.3.13f1/Editor/Data/MonoBleedingEdge/lib/mono/unityjit'
Mono config path = 'C:/Program Files/Unity/Hub/Editor/2020.3.13f1/Editor/Data/MonoBleedingEdge/etc'
Using monoOptions --debugger-agent=transport=dt_socket,embedding=1,server=y,suspend=n,address=127.0.0.1:56560
Begin MonoManager ReloadAssembly
Registering precompiled unity dll's ...
Register platform support module: C:/Program Files/Unity/Hub/Editor/2020.3.13f1/Editor/Data/PlaybackEngines/WindowsStandaloneSupport/UnityEditor.WindowsStandalone.Extensions.dll
Registered in 0.006836 seconds.
Native extension for WindowsStandalone target not found
Refreshing native plugins compatible for Editor in 68.40 ms, found 3 plugins.
Preloading 0 native plugins for Editor in 0.00 ms.
Mono: successfully reloaded assembly
- Completed reload, in  6.016 seconds
Platform modules already initialized, skipping
Registering precompiled user dll's ...
Registered in 0.004904 seconds.
Begin MonoManager ReloadAssembly
Native extension for WindowsStandalone target not found
Refreshing native plugins compatible for Editor in 71.85 ms, found 3 plugins.
Preloading 0 native plugins for Editor in 0.00 ms.
Mono: successfully reloaded assembly
- Completed reload, in  2.364 seconds
Platform modules already initialized, skipping
========================================================================
Worker process is ready to serve import requests
Launched and connected shader compiler UnityShaderCompiler.exe after 0.15 seconds
Refreshing native plugins compatible for Editor in 1.88 ms, found 3 plugins.
Preloading 0 native plugins for Editor in 0.00 ms.
Unloading 2113 Unused Serialized files (Serialized files now loaded: 0)
System memory in use before: 95.8 MB.
System memory in use after: 95.8 MB.

Unloading 33 unused Assets to reduce memory usage. Loaded Objects now: 2548.
Total: 29.914600 ms (FindLiveObjects: 1.723000 ms CreateObjectMapping: 0.549000 ms MarkObjects: 27.210100 ms  DeleteObjects: 0.428000 ms)

AssetImportParameters requested are different than current active one (requested -> active):
  custom:framework-win-MediaFoundation: 216162199b28c13a410421893ffa2e32 -> 
  custom:video-decoder-ogg-theora: a1e56fd34408186e4bbccfd4996cb3dc -> 
  custom:container-muxer-webm: aa71ff27fc2769a1b78a27578f13a17b -> 
  custom:container-demuxer-webm: 4f35f7cbe854078d1ac9338744f61a02 -> 
  custom:container-demuxer-ogg: 62fdf1f143b41e24485cea50d1cbac27 -> 
  custom:video-encoder-webm-vp8: eb34c28f22e8b96e1ab97ce403110664 -> 
  custom:video-decoder-webm-vp8: 9c59270c3fd7afecdb556c50c9e8de78 -> 
  custom:audio-decoder-ogg-vorbis: bf7c407c2cedff20999df2af8eb42d56 -> 
  custom:audio-encoder-webm-vorbis: bf7c407c2cedff20999df2af8eb42d56 -> 
========================================================================
Received Import Request.
  path: Assets/PlayerHealth.cs
  artifactKey: Guid(17faaa8eca0539b4bb235ad32d76ddf6) Importer(815301076,1909f56bfc062723c751e8b465ee728b)
Start importing Assets/PlayerHealth.cs using Guid(17faaa8eca0539b4bb235ad32d76ddf6) Importer(815301076,1909f56bfc062723c751e8b465ee728b)  -> (artifact id: 'da908cec81f9965ac09c9cd8308fad42') in 0.168514 seconds 
  Import took 0.187873 seconds .

========================================================================
Received Import Request.
  Time since last request: 0.006218 seconds.
  path: Assets/MainMenu.cs
  artifactKey: Guid(336cf0be8016445ad91d939dfa1acf11) Importer(815301076,1909f56bfc062723c751e8b465ee728b)
Start importing Assets/MainMenu.cs using Guid(336cf0be8016445ad91d939dfa1acf11) Importer(815301076,1909f56bfc062723c751e8b465ee728b)  -> (artifact id: '5f53954b650f86fbca1313a0b5d22721') in 0.035087 seconds 
  Import took 0.050652 seconds .

========================================================================
Received Import Request.
  Time since last request: 44.204798 seconds.
  path: Assets/GameOver.unity
  artifactKey: Guid(81ba9541ba6a59a4aafe4341cc063fc0) Importer(815301076,1909f56bfc062723c751e8b465ee728b)
Start importing Assets/GameOver.unity using Guid(81ba9541ba6a59a4aafe4341cc063fc0) Importer(815301076,1909f56bfc062723c751e8b465ee728b)  -> (artifact id: 'bec96d04e4dc07367dbffedec4803efd') in 0.051810 seconds 
  Import took 0.063450 seconds .

========================================================================
Received Import Request.
  Time since last request: 57.875557 seconds.
  path: Assets/GameOver.unity
  artifactKey: Guid(81ba9541ba6a59a4aafe4341cc063fc0) Importer(815301076,1909f56bfc062723c751e8b465ee728b)
Start importing Assets/GameOver.unity using Guid(81ba9541ba6a59a4aafe4341cc063fc0) Importer(815301076,1909f56bfc062723c751e8b465ee728b)  -> (artifact id: '95c7874fa6fe917528d9ba36efde64da') in 0.011961 seconds 
  Import took 0.025504 seconds .

========================================================================
Received Import Request.
  Time since last request: 1.944409 seconds.
  path: Assets/Menu.unity
  artifactKey: Guid(22bd617983cde4b30a2d40f2d1a43d87) Importer(815301076,1909f56bfc062723c751e8b465ee728b)
Start importing Assets/Menu.unity using Guid(22bd617983cde4b30a2d40f2d1a43d87) Importer(815301076,1909f56bfc062723c751e8b465ee728b)  -> (artifact id: '78a99ad1ddb2c4c2ca8975e53f9c7c98') in 0.024788 seconds 
  Import took 0.037280 seconds .

========================================================================
Received Import Request.
  Time since last request: 2.486486 seconds.
  path: Assets/SampleScene.unity
  artifactKey: Guid(2cda990e2423bbf4892e6590ba056729) Importer(815301076,1909f56bfc062723c751e8b465ee728b)
Start importing Assets/SampleScene.unity using Guid(2cda990e2423bbf4892e6590ba056729) Importer(815301076,1909f56bfc062723c751e8b465ee728b)  -> (artifact id: 'ca07764da44b2314ba9594bb38309830') in 0.022370 seconds 
  Import took 0.032330 seconds .

========================================================================
Received Prepare
Registering precompiled user dll's ...
Registered in 0.027991 seconds.
Begin MonoManager ReloadAssembly
Native extension for WindowsStandalone target not found
Refreshing native plugins compatible for Editor in 1.97 ms, found 3 plugins.
Preloading 0 native plugins for Editor in 0.00 ms.
Mono: successfully reloaded assembly
- Completed reload, in  4.653 seconds
Platform modules already initialized, skipping
Refreshing native plugins compatible for Editor in 1.02 ms, found 3 plugins.
Preloading 0 native plugins for Editor in 0.00 ms.
Unloading 2093 Unused Serialized files (Serialized files now loaded: 0)
System memory in use before: 94.3 MB.
System memory in use after: 94.3 MB.

Unloading 21 unused Assets to reduce memory usage. Loaded Objects now: 2552.
Total: 6.767300 ms (FindLiveObjects: 0.407800 ms CreateObjectMapping: 0.232800 ms MarkObjects: 5.286000 ms  DeleteObjects: 0.837300 ms)

AssetImportParameters requested are different than current active one (requested -> active):
  custom:framework-win-MediaFoundation: 216162199b28c13a410421893ffa2e32 -> 
  custom:video-decoder-ogg-theora: a1e56fd34408186e4bbccfd4996cb3dc -> 
  custom:container-muxer-webm: aa71ff27fc2769a1b78a27578f13a17b -> 
  custom:container-demuxer-webm: 4f35f7cbe854078d1ac9338744f61a02 -> 
  custom:container-demuxer-ogg: 62fdf1f143b41e24485cea50d1cbac27 -> 
  custom:video-encoder-webm-vp8: eb34c28f22e8b96e1ab97ce403110664 -> 
  custom:video-decoder-webm-vp8: 9c59270c3fd7afecdb556c50c9e8de78 -> 
  custom:audio-decoder-ogg-vorbis: bf7c407c2cedff20999df2af8eb42d56 -> 
  custom:audio-encoder-webm-vorbis: bf7c407c2cedff20999df2af8eb42d56 -> 
========================================================================
Received Import Request.
  Time since last request: 157.545199 seconds.
  path: Assets/GameOver.unity
  artifactKey: Guid(81ba9541ba6a59a4aafe4341cc063fc0) Importer(815301076,1909f56bfc062723c751e8b465ee728b)
Start importing Assets/GameOver.unity using Guid(81ba9541ba6a59a4aafe4341cc063fc0) Importer(815301076,1909f56bfc062723c751e8b465ee728b)  -> (artifact id: 'e5939e6a23de56dd0aa6038186f4ac4a') in 0.087472 seconds 
  Import took 0.100097 seconds .

========================================================================
Received Import Request.
  Time since last request: 54.588026 seconds.
  path: Assets/GameOver.unity
  artifactKey: Guid(81ba9541ba6a59a4aafe4341cc063fc0) Importer(815301076,1909f56bfc062723c751e8b465ee728b)
Start importing Assets/GameOver.unity using Guid(81ba9541ba6a59a4aafe4341cc063fc0) Importer(815301076,1909f56bfc062723c751e8b465ee728b)  -> (artifact id: '156c40fd51eb27c0c33c45c61dce5620') in 0.013996 seconds 
  Import took 0.027845 seconds .

========================================================================
Received Import Request.
  Time since last request: 65.956124 seconds.
  path: Assets/GameOver.unity
  artifactKey: Guid(81ba9541ba6a59a4aafe4341cc063fc0) Importer(815301076,1909f56bfc062723c751e8b465ee728b)
Start importing Assets/GameOver.unity using Guid(81ba9541ba6a59a4aafe4341cc063fc0) Importer(815301076,1909f56bfc062723c751e8b465ee728b)  -> (artifact id: '3333ff0e492fdbc6d45b07caa29c01f4') in 0.035095 seconds 
  Import took 0.047382 seconds .

========================================================================
Received Prepare
Registering precompiled user dll's ...
Registered in 0.071160 seconds.
Begin MonoManager ReloadAssembly
Native extension for WindowsStandalone target not found
Refreshing native plugins compatible for Editor in 1.87 ms, found 3 plugins.
Preloading 0 native plugins for Editor in 0.00 ms.
Mono: successfully reloaded assembly
- Completed reload, in  2.385 seconds
Platform modules already initialized, skipping
Refreshing native plugins compatible for Editor in 1.59 ms, found 3 plugins.
Preloading 0 native plugins for Editor in 0.00 ms.
Unloading 2094 Unused Serialized files (Serialized files now loaded: 0)
System memory in use before: 94.4 MB.
System memory in use after: 94.4 MB.

Unloading 21 unused Assets to reduce memory usage. Loaded Objects now: 2557.
Total: 8.485600 ms (FindLiveObjects: 0.717000 ms CreateObjectMapping: 0.277000 ms MarkObjects: 7.119400 ms  DeleteObjects: 0.368300 ms)

AssetImportParameters requested are different than current active one (requested -> active):
  custom:framework-win-MediaFoundation: 216162199b28c13a410421893ffa2e32 -> 
  custom:video-decoder-ogg-theora: a1e56fd34408186e4bbccfd4996cb3dc -> 
  custom:container-muxer-webm: aa71ff27fc2769a1b78a27578f13a17b -> 
  custom:container-demuxer-webm: 4f35f7cbe854078d1ac9338744f61a02 -> 
  custom:container-demuxer-ogg: 62fdf1f143b41e24485cea50d1cbac27 -> 
  custom:video-encoder-webm-vp8: eb34c28f22e8b96e1ab97ce403110664 -> 
  custom:video-decoder-webm-vp8: 9c59270c3fd7afecdb556c50c9e8de78 -> 
  custom:audio-decoder-ogg-vorbis: bf7c407c2cedff20999df2af8eb42d56 -> 
  custom:audio-encoder-webm-vorbis: bf7c407c2cedff20999df2af8eb42d56 -> 
========================================================================
Received Prepare
Registering precompiled user dll's ...
Registered in 0.016379 seconds.
Begin MonoManager ReloadAssembly
Native extension for WindowsStandalone target not found
Refreshing native plugins compatible for Editor in 1.04 ms, found 3 plugins.
Preloading 0 native plugins for Editor in 0.00 ms.
Mono: successfully reloaded assembly
- Completed reload, in  3.155 seconds
Platform modules already initialized, skipping
Refreshing native plugins compatible for Editor in 0.90 ms, found 3 plugins.
Preloading 0 native plugins for Editor in 0.00 ms.
Unloading 2094 Unused Serialized files (Serialized files now loaded: 0)
System memory in use before: 94.4 MB.
System memory in use after: 94.4 MB.

Unloading 21 unused Assets to reduce memory usage. Loaded Objects now: 2561.
Total: 12.575800 ms (FindLiveObjects: 0.989400 ms CreateObjectMapping: 0.520400 ms MarkObjects: 10.332700 ms  DeleteObjects: 0.729600 ms)

AssetImportParameters requested are different than current active one (requested -> active):
  custom:framework-win-MediaFoundation: 216162199b28c13a410421893ffa2e32 -> 
  custom:video-decoder-ogg-theora: a1e56fd34408186e4bbccfd4996cb3dc -> 
  custom:container-muxer-webm: aa71ff27fc2769a1b78a27578f13a17b -> 
  custom:container-demuxer-webm: 4f35f7cbe854078d1ac9338744f61a02 -> 
  custom:container-demuxer-ogg: 62fdf1f143b41e24485cea50d1cbac27 -> 
  custom:video-encoder-webm-vp8: eb34c28f22e8b96e1ab97ce403110664 -> 
  custom:video-decoder-webm-vp8: 9c59270c3fd7afecdb556c50c9e8de78 -> 
  custom:audio-decoder-ogg-vorbis: bf7c407c2cedff20999df2af8eb42d56 -> 
  custom:audio-encoder-webm-vorbis: bf7c407c2cedff20999df2af8eb42d56 -> 
========================================================================
Received Import Request.
  Time since last request: 174.948270 seconds.
  path: Assets/GameOver.cs
  artifactKey: Guid(57b43f7ae4d55b3448a21c08ebaf8b8a) Importer(815301076,1909f56bfc062723c751e8b465ee728b)
Start importing Assets/GameOver.cs using Guid(57b43f7ae4d55b3448a21c08ebaf8b8a) Importer(815301076,1909f56bfc062723c751e8b465ee728b)  -> (artifact id: '243a418899de09867f1bbe9811b7401f') in 0.040392 seconds 
  Import took 0.052455 seconds .

========================================================================
Received Prepare
Registering precompiled user dll's ...
Registered in 0.015207 seconds.
Begin MonoManager ReloadAssembly
Native extension for WindowsStandalone target not found
Refreshing native plugins compatible for Editor in 1.02 ms, found 3 plugins.
Preloading 0 native plugins for Editor in 0.00 ms.
Mono: successfully reloaded assembly
- Completed reload, in  2.165 seconds
Platform modules already initialized, skipping
Refreshing native plugins compatible for Editor in 0.96 ms, found 3 plugins.
Preloading 0 native plugins for Editor in 0.00 ms.
Unloading 2094 Unused Serialized files (Serialized files now loaded: 0)
System memory in use before: 94.5 MB.
System memory in use after: 94.4 MB.

Unloading 21 unused Assets to reduce memory usage. Loaded Objects now: 2565.
Total: 5.347100 ms (FindLiveObjects: 1.072600 ms CreateObjectMapping: 0.254700 ms MarkObjects: 3.720900 ms  DeleteObjects: 0.295500 ms)

AssetImportParameters requested are different than current active one (requested -> active):
  custom:framework-win-MediaFoundation: 216162199b28c13a410421893ffa2e32 -> 
  custom:video-decoder-ogg-theora: a1e56fd34408186e4bbccfd4996cb3dc -> 
  custom:container-muxer-webm: aa71ff27fc2769a1b78a27578f13a17b -> 
  custom:container-demuxer-webm: 4f35f7cbe854078d1ac9338744f61a02 -> 
  custom:container-demuxer-ogg: 62fdf1f143b41e24485cea50d1cbac27 -> 
  custom:video-encoder-webm-vp8: eb34c28f22e8b96e1ab97ce403110664 -> 
  custom:video-decoder-webm-vp8: 9c59270c3fd7afecdb556c50c9e8de78 -> 
  custom:audio-decoder-ogg-vorbis: bf7c407c2cedff20999df2af8eb42d56 -> 
  custom:audio-encoder-webm-vorbis: bf7c407c2cedff20999df2af8eb42d56 -> 
========================================================================
Received Prepare
Registering precompiled user dll's ...
Registered in 0.018224 seconds.
Begin MonoManager ReloadAssembly
Native extension for WindowsStandalone target not found
Refreshing native plugins compatible for Editor in 1.84 ms, found 3 plugins.
Preloading 0 native plugins for Editor in 0.00 ms.
Mono: successfully reloaded assembly
- Completed reload, in  2.218 seconds
Platform modules already initialized, skipping
Refreshing native plugins compatible for Editor in 1.12 ms, found 3 plugins.
Preloading 0 native plugins for Editor in 0.00 ms.
Unloading 2094 Unused Serialized files (Serialized files now loaded: 0)
System memory in use before: 94.5 MB.
System memory in use after: 94.4 MB.

Unloading 21 unused Assets to reduce memory usage. Loaded Objects now: 2569.
Total: 11.889200 ms (FindLiveObjects: 0.643100 ms CreateObjectMapping: 0.266000 ms MarkObjects: 9.960100 ms  DeleteObjects: 1.015000 ms)

AssetImportParameters requested are different than current active one (requested -> active):
  custom:framework-win-MediaFoundation: 216162199b28c13a410421893ffa2e32 -> 
  custom:video-decoder-ogg-theora: a1e56fd34408186e4bbccfd4996cb3dc -> 
  custom:container-muxer-webm: aa71ff27fc2769a1b78a27578f13a17b -> 
  custom:container-demuxer-webm: 4f35f7cbe854078d1ac9338744f61a02 -> 
  custom:container-demuxer-ogg: 62fdf1f143b41e24485cea50d1cbac27 -> 
  custom:video-encoder-webm-vp8: eb34c28f22e8b96e1ab97ce403110664 -> 
  custom:video-decoder-webm-vp8: 9c59270c3fd7afecdb556c50c9e8de78 -> 
  custom:audio-decoder-ogg-vorbis: bf7c407c2cedff20999df2af8eb42d56 -> 
  custom:audio-encoder-webm-vorbis: bf7c407c2cedff20999df2af8eb42d56 -> 
========================================================================
Received Prepare
Registering precompiled user dll's ...
Registered in 0.005753 seconds.
Begin MonoManager ReloadAssembly
Native extension for WindowsStandalone target not found
Refreshing native plugins compatible for Editor in 1.43 ms, found 3 plugins.
Preloading 0 native plugins for Editor in 0.00 ms.
Mono: successfully reloaded assembly
- Completed reload, in  1.584 seconds
Platform modules already initialized, skipping
Refreshing native plugins compatible for Editor in 0.67 ms, found 3 plugins.
Preloading 0 native plugins for Editor in 0.00 ms.
Unloading 2094 Unused Serialized files (Serialized files now loaded: 0)
System memory in use before: 94.5 MB.
System memory in use after: 94.5 MB.

Unloading 21 unused Assets to reduce memory usage. Loaded Objects now: 2573.
Total: 4.311000 ms (FindLiveObjects: 0.686600 ms CreateObjectMapping: 0.126100 ms MarkObjects: 2.835200 ms  DeleteObjects: 0.660900 ms)

AssetImportParameters requested are different than current active one (requested -> active):
  custom:framework-win-MediaFoundation: 216162199b28c13a410421893ffa2e32 -> 
  custom:video-decoder-ogg-theora: a1e56fd34408186e4bbccfd4996cb3dc -> 
  custom:container-muxer-webm: aa71ff27fc2769a1b78a27578f13a17b -> 
  custom:container-demuxer-webm: 4f35f7cbe854078d1ac9338744f61a02 -> 
  custom:container-demuxer-ogg: 62fdf1f143b41e24485cea50d1cbac27 -> 
  custom:video-encoder-webm-vp8: eb34c28f22e8b96e1ab97ce403110664 -> 
  custom:video-decoder-webm-vp8: 9c59270c3fd7afecdb556c50c9e8de78 -> 
  custom:audio-decoder-ogg-vorbis: bf7c407c2cedff20999df2af8eb42d56 -> 
  custom:audio-encoder-webm-vorbis: bf7c407c2cedff20999df2af8eb42d56 -> 
========================================================================
Received Import Request.
  Time since last request: 91.508866 seconds.
  path: Assets/GameOver.unity
  artifactKey: Guid(81ba9541ba6a59a4aafe4341cc063fc0) Importer(815301076,1909f56bfc062723c751e8b465ee728b)
Start importing Assets/GameOver.unity using Guid(81ba9541ba6a59a4aafe4341cc063fc0) Importer(815301076,1909f56bfc062723c751e8b465ee728b)  -> (artifact id: '9110702416cee92bd77c1083c1b5d459') in 0.052404 seconds 
  Import took 0.070683 seconds .

========================================================================
Received Prepare
Registering precompiled user dll's ...
Registered in 0.012130 seconds.
Begin MonoManager ReloadAssembly
Native extension for WindowsStandalone target not found
Refreshing native plugins compatible for Editor in 0.90 ms, found 3 plugins.
Preloading 0 native plugins for Editor in 0.00 ms.
Mono: successfully reloaded assembly
- Completed reload, in  2.776 seconds
Platform modules already initialized, skipping
Refreshing native plugins compatible for Editor in 1.05 ms, found 3 plugins.
Preloading 0 native plugins for Editor in 0.00 ms.
Unloading 2094 Unused Serialized files (Serialized files now loaded: 0)
System memory in use before: 94.5 MB.
System memory in use after: 94.5 MB.

Unloading 21 unused Assets to reduce memory usage. Loaded Objects now: 2577.
Total: 6.350400 ms (FindLiveObjects: 0.466300 ms CreateObjectMapping: 0.302800 ms MarkObjects: 5.152100 ms  DeleteObjects: 0.425700 ms)

AssetImportParameters requested are different than current active one (requested -> active):
  custom:framework-win-MediaFoundation: 216162199b28c13a410421893ffa2e32 -> 
  custom:video-decoder-ogg-theora: a1e56fd34408186e4bbccfd4996cb3dc -> 
  custom:container-muxer-webm: aa71ff27fc2769a1b78a27578f13a17b -> 
  custom:container-demuxer-webm: 4f35f7cbe854078d1ac9338744f61a02 -> 
  custom:container-demuxer-ogg: 62fdf1f143b41e24485cea50d1cbac27 -> 
  custom:video-encoder-webm-vp8: eb34c28f22e8b96e1ab97ce403110664 -> 
  custom:video-decoder-webm-vp8: 9c59270c3fd7afecdb556c50c9e8de78 -> 
  custom:audio-decoder-ogg-vorbis: bf7c407c2cedff20999df2af8eb42d56 -> 
  custom:audio-encoder-webm-vorbis: bf7c407c2cedff20999df2af8eb42d56 -> 
========================================================================
Received Prepare
Registering precompiled user dll's ...
Registered in 0.005336 seconds.
Begin MonoManager ReloadAssembly
Native extension for WindowsStandalone target not found
Refreshing native plugins compatible for Editor in 0.56 ms, found 3 plugins.
Preloading 0 native plugins for Editor in 0.00 ms.
Mono: successfully reloaded assembly
- Completed reload, in  1.783 seconds
Platform modules already initialized, skipping
Refreshing native plugins compatible for Editor in 1.47 ms, found 3 plugins.
Preloading 0 native plugins for Editor in 0.00 ms.
Unloading 2094 Unused Serialized files (Serialized files now loaded: 0)
System memory in use before: 94.5 MB.
System memory in use after: 94.5 MB.

Unloading 21 unused Assets to reduce memory usage. Loaded Objects now: 2581.
Total: 3.828400 ms (FindLiveObjects: 0.234400 ms CreateObjectMapping: 0.133900 ms MarkObjects: 2.751000 ms  DeleteObjects: 0.703900 ms)

AssetImportParameters requested are different than current active one (requested -> active):
  custom:framework-win-MediaFoundation: 216162199b28c13a410421893ffa2e32 -> 
  custom:video-decoder-ogg-theora: a1e56fd34408186e4bbccfd4996cb3dc -> 
  custom:container-muxer-webm: aa71ff27fc2769a1b78a27578f13a17b -> 
  custom:container-demuxer-webm: 4f35f7cbe854078d1ac9338744f61a02 -> 
  custom:container-demuxer-ogg: 62fdf1f143b41e24485cea50d1cbac27 -> 
  custom:video-encoder-webm-vp8: eb34c28f22e8b96e1ab97ce403110664 -> 
  custom:video-decoder-webm-vp8: 9c59270c3fd7afecdb556c50c9e8de78 -> 
  custom:audio-decoder-ogg-vorbis: bf7c407c2cedff20999df2af8eb42d56 -> 
  custom:audio-encoder-webm-vorbis: bf7c407c2cedff20999df2af8eb42d56 -> 
========================================================================
Received Prepare
Registering precompiled user dll's ...
Registered in 0.004562 seconds.
Begin MonoManager ReloadAssembly
Native extension for WindowsStandalone target not found
Refreshing native plugins compatible for Editor in 0.74 ms, found 3 plugins.
Preloading 0 native plugins for Editor in 0.00 ms.
Mono: successfully reloaded assembly
- Completed reload, in  1.916 seconds
Platform modules already initialized, skipping
Refreshing native plugins compatible for Editor in 0.67 ms, found 3 plugins.
Preloading 0 native plugins for Editor in 0.00 ms.
Unloading 2094 Unused Serialized files (Serialized files now loaded: 0)
System memory in use before: 94.5 MB.
System memory in use after: 94.5 MB.

Unloading 21 unused Assets to reduce memory usage. Loaded Objects now: 2585.
Total: 5.996300 ms (FindLiveObjects: 0.530800 ms CreateObjectMapping: 0.182400 ms MarkObjects: 4.386400 ms  DeleteObjects: 0.893400 ms)

AssetImportParameters requested are different than current active one (requested -> active):
  custom:framework-win-MediaFoundation: 216162199b28c13a410421893ffa2e32 -> 
  custom:video-decoder-ogg-theora: a1e56fd34408186e4bbccfd4996cb3dc -> 
  custom:container-muxer-webm: aa71ff27fc2769a1b78a27578f13a17b -> 
  custom:container-demuxer-webm: 4f35f7cbe854078d1ac9338744f61a02 -> 
  custom:container-demuxer-ogg: 62fdf1f143b41e24485cea50d1cbac27 -> 
  custom:video-encoder-webm-vp8: eb34c28f22e8b96e1ab97ce403110664 -> 
  custom:video-decoder-webm-vp8: 9c59270c3fd7afecdb556c50c9e8de78 -> 
  custom:audio-decoder-ogg-vorbis: bf7c407c2cedff20999df2af8eb42d56 -> 
  custom:audio-encoder-webm-vorbis: bf7c407c2cedff20999df2af8eb42d56 -> 
========================================================================
Received Prepare
Registering precompiled user dll's ...
Registered in 0.038546 seconds.
Begin MonoManager ReloadAssembly
Native extension for WindowsStandalone target not found
Refreshing native plugins compatible for Editor in 0.98 ms, found 3 plugins.
Preloading 0 native plugins for Editor in 0.00 ms.
Mono: successfully reloaded assembly
- Completed reload, in  4.043 seconds
Platform modules already initialized, skipping
Refreshing native plugins compatible for Editor in 1.71 ms, found 3 plugins.
Preloading 0 native plugins for Editor in 0.00 ms.
Unloading 2094 Unused Serialized files (Serialized files now loaded: 0)
System memory in use before: 94.5 MB.
System memory in use after: 94.5 MB.

Unloading 21 unused Assets to reduce memory usage. Loaded Objects now: 2589.
Total: 9.446400 ms (FindLiveObjects: 0.587200 ms CreateObjectMapping: 0.313000 ms MarkObjects: 7.391400 ms  DeleteObjects: 1.150900 ms)

AssetImportParameters requested are different than current active one (requested -> active):
  custom:framework-win-MediaFoundation: 216162199b28c13a410421893ffa2e32 -> 
  custom:video-decoder-ogg-theora: a1e56fd34408186e4bbccfd4996cb3dc -> 
  custom:container-muxer-webm: aa71ff27fc2769a1b78a27578f13a17b -> 
  custom:container-demuxer-webm: 4f35f7cbe854078d1ac9338744f61a02 -> 
  custom:container-demuxer-ogg: 62fdf1f143b41e24485cea50d1cbac27 -> 
  custom:video-encoder-webm-vp8: eb34c28f22e8b96e1ab97ce403110664 -> 
  custom:video-decoder-webm-vp8: 9c59270c3fd7afecdb556c50c9e8de78 -> 
  custom:audio-decoder-ogg-vorbis: bf7c407c2cedff20999df2af8eb42d56 -> 
  custom:audio-encoder-webm-vorbis: bf7c407c2cedff20999df2af8eb42d56 -> 
========================================================================
Received Import Request.
  Time since last request: 216.945631 seconds.
  path: Assets/GameOver.unity
  artifactKey: Guid(81ba9541ba6a59a4aafe4341cc063fc0) Importer(815301076,1909f56bfc062723c751e8b465ee728b)
Start importing Assets/GameOver.unity using Guid(81ba9541ba6a59a4aafe4341cc063fc0) Importer(815301076,1909f56bfc062723c751e8b465ee728b)  -> (artifact id: '18846119a52845a0455462088e4e38a1') in 0.067812 seconds 
  Import took 0.089332 seconds .

========================================================================
Received Import Request.
  Time since last request: 20.193379 seconds.
  path: Assets/GothicVania Church/Sprites/Enemies/Angel-Attack/angel-attack-1.png
  artifactKey: Guid(ab8c6ad7260aa4988b3a67bd49e66038) Importer(815301076,1909f56bfc062723c751e8b465ee728b)
Start importing Assets/GothicVania Church/Sprites/Enemies/Angel-Attack/angel-attack-1.png using Guid(ab8c6ad7260aa4988b3a67bd49e66038) Importer(815301076,1909f56bfc062723c751e8b465ee728b)  -> (artifact id: '7ffee4a7b9ed39118e7de30df99664c6') in 0.345236 seconds 
  Import took 0.355618 seconds .

========================================================================
Received Import Request.
  Time since last request: 0.000725 seconds.
  path: Assets/GothicVania Church/Sprites/Enemies/Angel-Attack/angel-attack-2.png
  artifactKey: Guid(4694483d57006449b83361c219c4f27a) Importer(815301076,1909f56bfc062723c751e8b465ee728b)
Start importing Assets/GothicVania Church/Sprites/Enemies/Angel-Attack/angel-attack-2.png using Guid(4694483d57006449b83361c219c4f27a) Importer(815301076,1909f56bfc062723c751e8b465ee728b)  -> (artifact id: 'dc8cafd04a3bfdb799fe963993162078') in 0.072798 seconds 
  Import took 0.083122 seconds .

========================================================================
Received Import Request.
  Time since last request: 0.085944 seconds.
  path: Assets/GothicVania Church/Sprites/Enemies/Angel-Attack/angel-attack-3.png
  artifactKey: Guid(cf4d6ac7b070d484fa7b90c92bbcba93) Importer(815301076,1909f56bfc062723c751e8b465ee728b)
Start importing Assets/GothicVania Church/Sprites/Enemies/Angel-Attack/angel-attack-3.png using Guid(cf4d6ac7b070d484fa7b90c92bbcba93) Importer(815301076,1909f56bfc062723c751e8b465ee728b)  -> (artifact id: '848def5b56cd52265210c5fc0d9c1b26') in 0.066084 seconds 
  Import took 0.077935 seconds .

========================================================================
Received Import Request.
  Time since last request: 0.261943 seconds.
  path: Assets/GothicVania Church/Sprites/Enemies/Angel-Idle/angel1.png
  artifactKey: Guid(fce97958da54a4c40a77191a048fa121) Importer(815301076,1909f56bfc062723c751e8b465ee728b)
Start importing Assets/GothicVania Church/Sprites/Enemies/Angel-Idle/angel1.png using Guid(fce97958da54a4c40a77191a048fa121) Importer(815301076,1909f56bfc062723c751e8b465ee728b)  -> (artifact id: 'd6b62607786b4da10df0859a0aaa8737') in 0.074917 seconds 
  Import took 0.085757 seconds .

========================================================================
Received Import Request.
  Time since last request: 0.000996 seconds.
  path: Assets/GothicVania Church/Sprites/Enemies/Angel-Idle/angel2.png
  artifactKey: Guid(8227eed74717840efab40c23d2406b66) Importer(815301076,1909f56bfc062723c751e8b465ee728b)
Start importing Assets/GothicVania Church/Sprites/Enemies/Angel-Idle/angel2.png using Guid(8227eed74717840efab40c23d2406b66) Importer(815301076,1909f56bfc062723c751e8b465ee728b)  -> (artifact id: 'bc16d22d9179ee88ea55536a474ee1b9') in 0.068763 seconds 
  Import took 0.082552 seconds .

========================================================================
Received Import Request.
  Time since last request: 0.000744 seconds.
  path: Assets/GothicVania Church/Sprites/Enemies/Angel-Idle/angel1.png
  artifactKey: Guid(fce97958da54a4c40a77191a048fa121) Importer(815301076,1909f56bfc062723c751e8b465ee728b)
Start importing Assets/GothicVania Church/Sprites/Enemies/Angel-Idle/angel1.png using Guid(fce97958da54a4c40a77191a048fa121) Importer(815301076,1909f56bfc062723c751e8b465ee728b)  -> (artifact id: 'd6b62607786b4da10df0859a0aaa8737') in 0.030226 seconds 
  Import took 0.041441 seconds .

========================================================================
Received Import Request.
  Time since last request: 0.052543 seconds.
  path: Assets/GothicVania Church/Sprites/Enemies/Angel-Idle/angel3.png
  artifactKey: Guid(66378c6e1c74a4e1598202a298a855b7) Importer(815301076,1909f56bfc062723c751e8b465ee728b)
Start importing Assets/GothicVania Church/Sprites/Enemies/Angel-Idle/angel3.png using Guid(66378c6e1c74a4e1598202a298a855b7) Importer(815301076,1909f56bfc062723c751e8b465ee728b)  -> (artifact id: 'd267d6bb58d39d63177180b0961db6d4') in 0.068865 seconds 
  Import took 0.079401 seconds .

========================================================================
Received Import Request.
  Time since last request: 0.250627 seconds.
  path: Assets/GothicVania Church/Sprites/Enemies/Angel-Idle/angel4.png
  artifactKey: Guid(3be7eb8ca5bd045a5b1955571b2b357e) Importer(815301076,1909f56bfc062723c751e8b465ee728b)
Start importing Assets/GothicVania Church/Sprites/Enemies/Angel-Idle/angel4.png using Guid(3be7eb8ca5bd045a5b1955571b2b357e) Importer(815301076,1909f56bfc062723c751e8b465ee728b)  -> (artifact id: '357de46173586c2c602f30397d04f8da') in 0.064881 seconds 
  Import took 0.075347 seconds .

========================================================================
Received Import Request.
  Time since last request: 0.000611 seconds.
  path: Assets/GothicVania Church/Sprites/Enemies/Angel-Idle/angel5.png
  artifactKey: Guid(73ed7f313e86e4564afc2c7b474d707f) Importer(815301076,1909f56bfc062723c751e8b465ee728b)
Start importing Assets/GothicVania Church/Sprites/Enemies/Angel-Idle/angel5.png using Guid(73ed7f313e86e4564afc2c7b474d707f) Importer(815301076,1909f56bfc062723c751e8b465ee728b)  -> (artifact id: '12f804e4061689d0eab4ac0f91d9b2b5') in 0.065472 seconds 
  Import took 0.075458 seconds .

========================================================================
Received Import Request.
  Time since last request: 0.000654 seconds.
  path: Assets/GothicVania Church/Sprites/Enemies/Angel-Idle/angel4.png
  artifactKey: Guid(3be7eb8ca5bd045a5b1955571b2b357e) Importer(815301076,1909f56bfc062723c751e8b465ee728b)
Start importing Assets/GothicVania Church/Sprites/Enemies/Angel-Idle/angel4.png using Guid(3be7eb8ca5bd045a5b1955571b2b357e) Importer(815301076,1909f56bfc062723c751e8b465ee728b)  -> (artifact id: '357de46173586c2c602f30397d04f8da') in 0.027245 seconds 
  Import took 0.036318 seconds .

